lmei/build/outputs/logs/manifest-merger-debug-report.txt
-- Merging decision tree log ---
manifest
ADDED from src\main\AndroidManifest.xml:2:1-951:12
	package
		ADDED from src\main\AndroidManifest.xml:4:5-29
		INJECTED from src\main\AndroidManifest.xml
		INJECTED from src\main\AndroidManifest.xml
	android:versionName
		ADDED from src\main\AndroidManifest.xml:6:5-31
		INJECTED from src\main\AndroidManifest.xml
		INJECTED from src\main\AndroidManifest.xml
	xmlns:tools
		ADDED from src\main\AndroidManifest.xml:3:5-51
	android:versionCode
		ADDED from src\main\AndroidManifest.xml:5:5-28
		INJECTED from src\main\AndroidManifest.xml
		INJECTED from src\main\AndroidManifest.xml
	xmlns:android
		ADDED from src\main\AndroidManifest.xml:2:11-69
uses-sdk
ADDED from src\main\AndroidManifest.xml:8:5-11:41
MERGED from [com.android.support:multidex:1.0.1] AndroidManifest.xml:18:5-42
MERGED from [Lmei:rongIMKit:unspecified] AndroidManifest.xml:5:5-7:41
MERGED from [Lmei:social_sdk_library_project:unspecified] AndroidManifest.xml:7:5-9:41
MERGED from [com.android.support:support-v4:21.0.3] AndroidManifest.xml:15:5-42
	tools:overrideLibrary
		ADDED from src\main\AndroidManifest.xml:9:9-61
	android:targetSdkVersion
		ADDED from src\main\AndroidManifest.xml:11:9-38
		INJECTED from src\main\AndroidManifest.xml
		INJECTED from src\main\AndroidManifest.xml
	android:minSdkVersion
		ADDED from src\main\AndroidManifest.xml:10:9-35
		INJECTED from src\main\AndroidManifest.xml
		INJECTED from src\main\AndroidManifest.xml
uses-permission#android.permission.WRITE_EXTERNAL_STORAGE
ADDED from src\main\AndroidManifest.xml:13:5-81
MERGED from [Lmei:rongIMKit:unspecified] AndroidManifest.xml:10:5-81
	android:name
		ADDED from src\main\AndroidManifest.xml:13:22-78
uses-permission#android.permission.ACCESS_NETWORK_STATE
ADDED from src\main\AndroidManifest.xml:14:5-79
MERGED from [Lmei:rongIMKit:unspecified] AndroidManifest.xml:12:5-79
	android:name
		ADDED from src\main\AndroidManifest.xml:14:22-76
uses-permission#android.permission.ACCESS_WIFI_STATE
ADDED from src\main\AndroidManifest.xml:15:5-76
MERGED from [Lmei:rongIMKit:unspecified] AndroidManifest.xml:14:5-76
	android:name
		ADDED from src\main\AndroidManifest.xml:15:22-73
uses-permission#android.permission.INTERNET
ADDED from src\main\AndroidManifest.xml:16:5-67
MERGED from [Lmei:rongIMKit:unspecified] AndroidManifest.xml:11:5-67
	android:name
		ADDED from src\main\AndroidManifest.xml:16:22-64
uses-permission#android.permission.RECEIVE_SMS
ADDED from src\main\AndroidManifest.xml:17:5-70
	android:name
		ADDED from src\main\AndroidManifest.xml:17:22-67
uses-permission#android.permission.GET_TASKS
ADDED from src\main\AndroidManifest.xml:18:5-68
MERGED from [Lmei:rongIMKit:unspecified] AndroidManifest.xml:20:5-68
	android:name
		ADDED from src\main\AndroidManifest.xml:18:22-65
uses-permission#android.permission.RESTART_PACKAGES
ADDED from src\main\AndroidManifest.xml:19:5-75
	android:name
		ADDED from src\main\AndroidManifest.xml:19:22-72
uses-permission#android.permission.KILL_BACKGROUND_PROCESSES
ADDED from src\main\AndroidManifest.xml:20:5-84
	android:name
		ADDED from src\main\AndroidManifest.xml:20:22-81
uses-permission#android.permission.MOUNT_FORMAT_FILESYSTEMS
ADDED from src\main\AndroidManifest.xml:22:5-83
	android:name
		ADDED from src\main\AndroidManifest.xml:22:22-80
uses-permission#android.permission.RECORD_AUDIO
ADDED from src\main\AndroidManifest.xml:23:5-71
MERGED from [Lmei:rongIMKit:unspecified] AndroidManifest.xml:19:5-71
	android:name
		ADDED from src\main\AndroidManifest.xml:23:22-68
uses-permission#android.permission.WAKE_LOCK
ADDED from src\main\AndroidManifest.xml:27:5-68
MERGED from [Lmei:rongIMKit:unspecified] AndroidManifest.xml:21:5-68
	android:name
		ADDED from src\main\AndroidManifest.xml:27:22-65
uses-permission#android.permission.MODIFY_AUDIO_SETTINGS
ADDED from src\main\AndroidManifest.xml:28:5-80
MERGED from [Lmei:rongIMKit:unspecified] AndroidManifest.xml:22:5-80
	android:name
		ADDED from src\main\AndroidManifest.xml:28:22-77
uses-permission#android.permission.VIBRATE
ADDED from src\main\AndroidManifest.xml:29:5-66
MERGED from [Lmei:rongIMKit:unspecified] AndroidManifest.xml:23:5-66
	android:name
		ADDED from src\main\AndroidManifest.xml:29:22-63
uses-permission#android.permission.CAMERA
ADDED from src\main\AndroidManifest.xml:30:5-65
MERGED from [Lmei:rongIMKit:unspecified] AndroidManifest.xml:24:5-65
	android:name
		ADDED from src\main\AndroidManifest.xml:30:22-62
uses-permission#android.permission.ACCESS_COARSE_LOCATION
ADDED from src\main\AndroidManifest.xml:34:5-81
MERGED from [Lmei:rongIMKit:unspecified] AndroidManifest.xml:13:5-81
	android:name
		ADDED from src\main\AndroidManifest.xml:34:22-78
uses-permission#android.permission.WRITE_SETTINGS
ADDED from src\main\AndroidManifest.xml:37:5-73
MERGED from [Lmei:rongIMKit:unspecified] AndroidManifest.xml:25:5-73
	android:name
		ADDED from src\main\AndroidManifest.xml:37:22-70
uses-permission#android.permission.INTERACT_ACROSS_USERS_FULL
ADDED from src\main\AndroidManifest.xml:38:5-85
MERGED from [Lmei:rongIMKit:unspecified] AndroidManifest.xml:26:5-85
	android:name
		ADDED from src\main\AndroidManifest.xml:38:22-82
uses-permission#android.permission.RECEIVE_BOOT_COMPLETED
ADDED from src\main\AndroidManifest.xml:39:5-81
	android:name
		ADDED from src\main\AndroidManifest.xml:39:22-78
permission#com.vidmt.lmei.permission.JPUSH_MESSAGE
ADDED from src\main\AndroidManifest.xml:48:5-50:47
	android:protectionLevel
		ADDED from src\main\AndroidManifest.xml:50:9-44
	android:name
		ADDED from src\main\AndroidManifest.xml:49:9-63
uses-permission#com.vidmt.lmei.permission.JPUSH_MESSAGE
ADDED from src\main\AndroidManifest.xml:52:5-79
	android:name
		ADDED from src\main\AndroidManifest.xml:52:22-76
uses-permission#android.permission.RECEIVE_USER_PRESENT
ADDED from src\main\AndroidManifest.xml:53:5-79
	android:name
		ADDED from src\main\AndroidManifest.xml:53:22-76
uses-permission#android.permission.READ_EXTERNAL_STORAGE
ADDED from src\main\AndroidManifest.xml:57:5-80
MERGED from [Lmei:rongIMKit:unspecified] AndroidManifest.xml:9:5-80
	android:name
		ADDED from src\main\AndroidManifest.xml:57:22-77
uses-permission#android.permission.MOUNT_UNMOUNT_FILESYSTEMS
ADDED from src\main\AndroidManifest.xml:60:5-84
	android:name
		ADDED from src\main\AndroidManifest.xml:60:22-81
uses-permission#android.permission.SYSTEM_ALERT_WINDOW
ADDED from src\main\AndroidManifest.xml:62:5-78
MERGED from [Lmei:rongIMKit:unspecified] AndroidManifest.xml:28:5-78
	android:name
		ADDED from src\main\AndroidManifest.xml:62:22-75
uses-permission#android.permission.READ_LOGS
ADDED from src\main\AndroidManifest.xml:93:5-68
	android:name
		ADDED from src\main\AndroidManifest.xml:93:22-65
application
ADDED from src\main\AndroidManifest.xml:95:5-949:19
MERGED from [Lmei:rongIMKit:unspecified] AndroidManifest.xml:30:5-174:19
MERGED from [Lmei:social_sdk_library_project:unspecified] AndroidManifest.xml:11:5-12:19
MERGED from [com.android.support:support-v4:21.0.3] AndroidManifest.xml:16:5-19
	android:label
		ADDED from src\main\AndroidManifest.xml:99:9-41
	android:allowBackup
		ADDED from src\main\AndroidManifest.xml:97:9-35
	android:icon
		ADDED from src\main\AndroidManifest.xml:98:9-45
	android:largeHeap
		ADDED from src\main\AndroidManifest.xml:100:9-33
	android:theme
		ADDED from src\main\AndroidManifest.xml:101:9-40
	android:name
		ADDED from src\main\AndroidManifest.xml:96:9-36
activity#cn.jpush.android.ui.PopWinActivity
ADDED from src\main\AndroidManifest.xml:104:9-108:20
	android:exported
		ADDED from src\main\AndroidManifest.xml:106:13-37
	android:theme
		ADDED from src\main\AndroidManifest.xml:107:13-49
	android:name
		ADDED from src\main\AndroidManifest.xml:105:13-62
activity#cn.jpush.android.ui.PushActivity
ADDED from src\main\AndroidManifest.xml:111:9-122:20
	android:exported
		ADDED from src\main\AndroidManifest.xml:114:13-37
	android:configChanges
		ADDED from src\main\AndroidManifest.xml:113:13-63
	android:theme
		ADDED from src\main\AndroidManifest.xml:115:13-60
	android:name
		ADDED from src\main\AndroidManifest.xml:112:13-60
intent-filter#android.intent.category.DEFAULT+cn.jpush.android.ui.PushActivity+com.vidmt.lmei
ADDED from src\main\AndroidManifest.xml:116:13-121:29
action#cn.jpush.android.ui.PushActivity
ADDED from src\main\AndroidManifest.xml:117:17-75
	android:name
		ADDED from src\main\AndroidManifest.xml:117:25-72
category#android.intent.category.DEFAULT
ADDED from src\main\AndroidManifest.xml:119:17-76
	android:name
		ADDED from src\main\AndroidManifest.xml:119:27-73
category#com.vidmt.lmei
ADDED from src\main\AndroidManifest.xml:120:17-59
	android:name
		ADDED from src\main\AndroidManifest.xml:120:27-56
service#cn.jpush.android.service.DownloadService
ADDED from src\main\AndroidManifest.xml:124:9-128:19
	android:enabled
		ADDED from src\main\AndroidManifest.xml:126:13-35
	android:exported
		ADDED from src\main\AndroidManifest.xml:127:13-37
	android:name
		ADDED from src\main\AndroidManifest.xml:125:13-68
service#cn.jpush.android.service.PushService
ADDED from src\main\AndroidManifest.xml:132:9-142:19
	android:enabled
		ADDED from src\main\AndroidManifest.xml:134:13-35
	android:exported
		ADDED from src\main\AndroidManifest.xml:135:13-37
	android:name
		ADDED from src\main\AndroidManifest.xml:133:13-64
intent-filter#cn.jpush.android.intent.PUSH_TIME+cn.jpush.android.intent.PushService+cn.jpush.android.intent.REGISTER+cn.jpush.android.intent.REPORT
ADDED from src\main\AndroidManifest.xml:136:13-141:29
action#cn.jpush.android.intent.REGISTER
ADDED from src\main\AndroidManifest.xml:137:17-75
	android:name
		ADDED from src\main\AndroidManifest.xml:137:25-72
action#cn.jpush.android.intent.REPORT
ADDED from src\main\AndroidManifest.xml:138:17-73
	android:name
		ADDED from src\main\AndroidManifest.xml:138:25-70
action#cn.jpush.android.intent.PushService
ADDED from src\main\AndroidManifest.xml:139:17-78
	android:name
		ADDED from src\main\AndroidManifest.xml:139:25-75
action#cn.jpush.android.intent.PUSH_TIME
ADDED from src\main\AndroidManifest.xml:140:17-76
	android:name
		ADDED from src\main\AndroidManifest.xml:140:25-73
service#cn.jpush.android.service.DaemonService
ADDED from src\main\AndroidManifest.xml:146:9-155:19
	android:enabled
		ADDED from src\main\AndroidManifest.xml:148:13-35
	android:exported
		ADDED from src\main\AndroidManifest.xml:149:13-36
	android:name
		ADDED from src\main\AndroidManifest.xml:147:13-66
intent-filter#cn.jpush.android.intent.DaemonService+com.vidmt.lmei
ADDED from src\main\AndroidManifest.xml:150:13-154:29
action#cn.jpush.android.intent.DaemonService
ADDED from src\main\AndroidManifest.xml:151:17-80
	android:name
		ADDED from src\main\AndroidManifest.xml:151:25-77
receiver#cn.jpush.android.service.PushReceiver
ADDED from src\main\AndroidManifest.xml:158:9-178:20
	android:enabled
		ADDED from src\main\AndroidManifest.xml:160:13-35
	android:exported
		ADDED from src\main\AndroidManifest.xml:161:13-37
	android:name
		ADDED from src\main\AndroidManifest.xml:159:13-65
intent-filter#cn.jpush.android.intent.NOTIFICATION_RECEIVED_PROXY+com.vidmt.lmei
ADDED from src\main\AndroidManifest.xml:162:13-166:29
	android:priority
		ADDED from src\main\AndroidManifest.xml:162:28-51
action#cn.jpush.android.intent.NOTIFICATION_RECEIVED_PROXY
ADDED from src\main\AndroidManifest.xml:163:17-94
	android:name
		ADDED from src\main\AndroidManifest.xml:163:25-91
intent-filter#android.intent.action.USER_PRESENT+android.net.conn.CONNECTIVITY_CHANGE
ADDED from src\main\AndroidManifest.xml:167:13-170:29
action#android.intent.action.USER_PRESENT
ADDED from src\main\AndroidManifest.xml:168:17-77
	android:name
		ADDED from src\main\AndroidManifest.xml:168:25-74
action#android.net.conn.CONNECTIVITY_CHANGE
ADDED from src\main\AndroidManifest.xml:169:17-79
	android:name
		ADDED from src\main\AndroidManifest.xml:169:25-76
intent-filter#android.intent.action.PACKAGE_ADDED+android.intent.action.PACKAGE_REMOVED
ADDED from src\main\AndroidManifest.xml:172:13-177:29
action#android.intent.action.PACKAGE_ADDED
ADDED from src\main\AndroidManifest.xml:173:17-78
	android:name
		ADDED from src\main\AndroidManifest.xml:173:25-75
action#android.intent.action.PACKAGE_REMOVED
ADDED from src\main\AndroidManifest.xml:174:17-80
	android:name
		ADDED from src\main\AndroidManifest.xml:174:25-77
data
ADDED from src\main\AndroidManifest.xml:176:17-50
	android:scheme
		ADDED from src\main\AndroidManifest.xml:176:23-47
receiver#cn.jpush.android.service.AlarmReceiver
ADDED from src\main\AndroidManifest.xml:181:9-183:40
	android:exported
		ADDED from src\main\AndroidManifest.xml:183:13-37
	android:name
		ADDED from src\main\AndroidManifest.xml:182:13-66
receiver#com.vidmt.lmei.receiver.MyReceiver
ADDED from src\main\AndroidManifest.xml:186:9-206:20
	android:enabled
		ADDED from src\main\AndroidManifest.xml:188:13-35
	android:exported
		ADDED from src\main\AndroidManifest.xml:189:13-37
	android:name
		ADDED from src\main\AndroidManifest.xml:187:13-48
intent-filter#cn.jpush.android.intent.ACTION_RICHPUSH_CALLBACK+cn.jpush.android.intent.CONNECTION+cn.jpush.android.intent.MESSAGE_RECEIVED+cn.jpush.android.intent.NOTIFICATION_OPENED+cn.jpush.android.intent.NOTIFICATION_RECEIVED+cn.jpush.android.intent.REGISTRATION+cn.jpush.android.intent.UNREGISTRATION+com.vidmt.lmei
ADDED from src\main\AndroidManifest.xml:190:13-205:29
action#cn.jpush.android.intent.REGISTRATION
ADDED from src\main\AndroidManifest.xml:191:17-79
	android:name
		ADDED from src\main\AndroidManifest.xml:191:25-76
action#cn.jpush.android.intent.UNREGISTRATION
ADDED from src\main\AndroidManifest.xml:193:17-81
	android:name
		ADDED from src\main\AndroidManifest.xml:193:25-78
action#cn.jpush.android.intent.MESSAGE_RECEIVED
ADDED from src\main\AndroidManifest.xml:194:17-83
	android:name
		ADDED from src\main\AndroidManifest.xml:194:25-80
action#cn.jpush.android.intent.NOTIFICATION_RECEIVED
ADDED from src\main\AndroidManifest.xml:196:17-88
	android:name
		ADDED from src\main\AndroidManifest.xml:196:25-85
action#cn.jpush.android.intent.NOTIFICATION_OPENED
ADDED from src\main\AndroidManifest.xml:198:17-86
	android:name
		ADDED from src\main\AndroidManifest.xml:198:25-83
action#cn.jpush.android.intent.ACTION_RICHPUSH_CALLBACK
ADDED from src\main\AndroidManifest.xml:200:17-91
	android:name
		ADDED from src\main\AndroidManifest.xml:200:25-88
action#cn.jpush.android.intent.CONNECTION
ADDED from src\main\AndroidManifest.xml:202:17-77
	android:name
		ADDED from src\main\AndroidManifest.xml:202:25-74
meta-data#JPUSH_CHANNEL
ADDED from src\main\AndroidManifest.xml:209:9-211:49
	android:value
		ADDED from src\main\AndroidManifest.xml:211:13-46
	android:name
		ADDED from src\main\AndroidManifest.xml:210:13-41
meta-data#JPUSH_APPKEY
ADDED from src\main\AndroidManifest.xml:212:9-214:56
	android:value
		ADDED from src\main\AndroidManifest.xml:214:13-53
	android:name
		ADDED from src\main\AndroidManifest.xml:213:13-40
activity#com.alipay.sdk.app.H5PayActivity
ADDED from src\main\AndroidManifest.xml:219:9-224:20
	android:screenOrientation
		ADDED from src\main\AndroidManifest.xml:223:13-47
	android:exported
		ADDED from src\main\AndroidManifest.xml:222:13-37
	android:configChanges
		ADDED from src\main\AndroidManifest.xml:221:13-74
	android:name
		ADDED from src\main\AndroidManifest.xml:220:13-60
activity#com.alipay.sdk.app.H5AuthActivity
ADDED from src\main\AndroidManifest.xml:225:9-231:20
	android:screenOrientation
		ADDED from src\main\AndroidManifest.xml:229:13-47
	android:exported
		ADDED from src\main\AndroidManifest.xml:228:13-37
	android:windowSoftInputMode
		ADDED from src\main\AndroidManifest.xml:230:13-67
	android:configChanges
		ADDED from src\main\AndroidManifest.xml:227:13-74
	android:name
		ADDED from src\main\AndroidManifest.xml:226:13-61
activity#com.umeng.socialize.view.ShareActivity
ADDED from src\main\AndroidManifest.xml:236:9-242:20
	android:launchMode
		ADDED from src\main\AndroidManifest.xml:239:13-44
	android:noHistory
		ADDED from src\main\AndroidManifest.xml:240:13-37
	android:windowSoftInputMode
		ADDED from src\main\AndroidManifest.xml:241:13-68
	android:configChanges
		ADDED from src\main\AndroidManifest.xml:238:13-57
	android:name
		ADDED from src\main\AndroidManifest.xml:237:13-66
activity#com.tencent.tauth.AuthActivity
ADDED from src\main\AndroidManifest.xml:245:9-257:20
	android:launchMode
		ADDED from src\main\AndroidManifest.xml:247:13-44
	android:noHistory
		ADDED from src\main\AndroidManifest.xml:248:13-37
	android:name
		ADDED from src\main\AndroidManifest.xml:246:13-58
intent-filter#android.intent.action.VIEW+android.intent.category.BROWSABLE+android.intent.category.DEFAULT
ADDED from src\main\AndroidManifest.xml:249:13-256:29
action#android.intent.action.VIEW
ADDED from src\main\AndroidManifest.xml:250:17-69
	android:name
		ADDED from src\main\AndroidManifest.xml:250:25-66
category#android.intent.category.BROWSABLE
ADDED from src\main\AndroidManifest.xml:253:17-78
	android:name
		ADDED from src\main\AndroidManifest.xml:253:27-75
activity#com.tencent.connect.common.AssistActivity
ADDED from src\main\AndroidManifest.xml:258:9-262:20
	android:screenOrientation
		ADDED from src\main\AndroidManifest.xml:260:13-49
	android:theme
		ADDED from src\main\AndroidManifest.xml:261:13-72
	android:name
		ADDED from src\main\AndroidManifest.xml:259:13-69
activity#com.vidmt.lmei.wxapi.WXEntryActivity
ADDED from src\main\AndroidManifest.xml:265:9-270:75
	android:screenOrientation
		ADDED from src\main\AndroidManifest.xml:269:13-49
	android:exported
		ADDED from src\main\AndroidManifest.xml:268:13-36
	android:configChanges
		ADDED from src\main\AndroidManifest.xml:267:13-74
	android:theme
		ADDED from src\main\AndroidManifest.xml:270:13-72
	android:name
		ADDED from src\main\AndroidManifest.xml:266:13-50
activity#com.vidmt.lmei.WBShareActivity
ADDED from src\main\AndroidManifest.xml:272:9-281:20
	android:screenOrientation
		ADDED from src\main\AndroidManifest.xml:275:13-49
	android:configChanges
		ADDED from src\main\AndroidManifest.xml:274:13-63
	android:name
		ADDED from src\main\AndroidManifest.xml:273:13-44
intent-filter#android.intent.category.DEFAULT+com.sina.weibo.sdk.action.ACTION_SDK_REQ_ACTIVITY
ADDED from src\main\AndroidManifest.xml:276:13-280:29
action#com.sina.weibo.sdk.action.ACTION_SDK_REQ_ACTIVITY
ADDED from src\main\AndroidManifest.xml:277:17-92
	android:name
		ADDED from src\main\AndroidManifest.xml:277:25-89
activity#com.sina.weibo.sdk.component.WeiboSdkBrowser
ADDED from src\main\AndroidManifest.xml:282:9-287:20
	android:exported
		ADDED from src\main\AndroidManifest.xml:285:13-37
	android:windowSoftInputMode
		ADDED from src\main\AndroidManifest.xml:286:13-55
	android:configChanges
		ADDED from src\main\AndroidManifest.xml:284:13-63
	android:name
		ADDED from src\main\AndroidManifest.xml:283:13-72
service#com.sina.weibo.sdk.net.DownloadService
ADDED from src\main\AndroidManifest.xml:289:9-292:19
	android:exported
		ADDED from src\main\AndroidManifest.xml:291:13-37
	android:name
		ADDED from src\main\AndroidManifest.xml:290:13-66
meta-data#UMENG_APPKEY
ADDED from src\main\AndroidManifest.xml:294:9-297:21
	android:value
		ADDED from src\main\AndroidManifest.xml:296:13-53
	android:name
		ADDED from src\main\AndroidManifest.xml:295:13-40
meta-data#UMENG_CHANNEL
ADDED from src\main\AndroidManifest.xml:298:9-301:21
	android:value
		ADDED from src\main\AndroidManifest.xml:300:13-34
	android:name
		ADDED from src\main\AndroidManifest.xml:299:13-41
activity#com.pingplusplus.android.PaymentActivity
ADDED from src\main\AndroidManifest.xml:304:9-308:75
	android:launchMode
		ADDED from src\main\AndroidManifest.xml:307:13-43
	android:configChanges
		ADDED from src\main\AndroidManifest.xml:306:13-59
	android:theme
		ADDED from src\main\AndroidManifest.xml:308:13-72
	android:name
		ADDED from src\main\AndroidManifest.xml:305:13-68
activity-alias#com.vidmt.lmei.wxapi.WXPayEntryActivity
ADDED from src\main\AndroidManifest.xml:310:9-313:81
	android:exported
		ADDED from src\main\AndroidManifest.xml:312:13-36
	android:targetActivity
		ADDED from src\main\AndroidManifest.xml:313:13-78
	android:name
		ADDED from src\main\AndroidManifest.xml:311:13-53
activity#com.vidmt.lmei.activity.SMSActivity
ADDED from src\main\AndroidManifest.xml:315:9-318:20
	android:label
		ADDED from src\main\AndroidManifest.xml:317:13-55
	android:name
		ADDED from src\main\AndroidManifest.xml:316:13-49
activity#com.vidmt.lmei.activity.RegisterActivity
ADDED from src\main\AndroidManifest.xml:319:9-324:20
	android:screenOrientation
		ADDED from src\main\AndroidManifest.xml:321:13-49
	android:label
		ADDED from src\main\AndroidManifest.xml:323:13-60
	android:configChanges
		ADDED from src\main\AndroidManifest.xml:322:13-74
	android:name
		ADDED from src\main\AndroidManifest.xml:320:13-54
activity#com.vidmt.lmei.activity.RecordingActivity
ADDED from src\main\AndroidManifest.xml:325:9-330:20
	android:screenOrientation
		ADDED from src\main\AndroidManifest.xml:327:11-47
	android:label
		ADDED from src\main\AndroidManifest.xml:329:13-61
	android:configChanges
		ADDED from src\main\AndroidManifest.xml:328:13-74
	android:name
		ADDED from src\main\AndroidManifest.xml:326:13-55
activity#com.vidmt.lmei.activity.MainActivity
ADDED from src\main\AndroidManifest.xml:331:9-342:20
	android:screenOrientation
		ADDED from src\main\AndroidManifest.xml:333:12-48
	android:label
		ADDED from src\main\AndroidManifest.xml:335:13-45
	android:configChanges
		ADDED from src\main\AndroidManifest.xml:334:13-74
	android:theme
		ADDED from src\main\AndroidManifest.xml:336:13-49
	android:name
		ADDED from src\main\AndroidManifest.xml:332:13-50
intent-filter#android.intent.action.MAIN+android.intent.category.LAUNCHER
ADDED from src\main\AndroidManifest.xml:337:13-341:29
action#android.intent.action.MAIN
ADDED from src\main\AndroidManifest.xml:338:17-69
	android:name
		ADDED from src\main\AndroidManifest.xml:338:25-66
category#android.intent.category.LAUNCHER
ADDED from src\main\AndroidManifest.xml:340:17-77
	android:name
		ADDED from src\main\AndroidManifest.xml:340:27-74
activity#com.vidmt.lmei.activity.FooterPageActivity
ADDED from src\main\AndroidManifest.xml:343:9-349:20
	android:screenOrientation
		ADDED from src\main\AndroidManifest.xml:345:14-50
	android:label
		ADDED from src\main\AndroidManifest.xml:347:13-63
	android:configChanges
		ADDED from src\main\AndroidManifest.xml:346:13-74
	android:theme
		ADDED from src\main\AndroidManifest.xml:348:13-46
	android:name
		ADDED from src\main\AndroidManifest.xml:344:13-56
activity#com.vidmt.lmei.activity.HomeActivity
ADDED from src\main\AndroidManifest.xml:350:9-356:20
	android:screenOrientation
		ADDED from src\main\AndroidManifest.xml:352:14-50
	android:label
		ADDED from src\main\AndroidManifest.xml:354:13-56
	android:configChanges
		ADDED from src\main\AndroidManifest.xml:353:13-74
	android:theme
		ADDED from src\main\AndroidManifest.xml:355:13-46
	android:name
		ADDED from src\main\AndroidManifest.xml:351:13-50
activity#com.vidmt.lmei.activity.LifeActivity
ADDED from src\main\AndroidManifest.xml:357:9-363:20
	android:screenOrientation
		ADDED from src\main\AndroidManifest.xml:359:14-50
	android:label
		ADDED from src\main\AndroidManifest.xml:361:13-56
	android:configChanges
		ADDED from src\main\AndroidManifest.xml:360:13-74
	android:theme
		ADDED from src\main\AndroidManifest.xml:362:13-46
	android:name
		ADDED from src\main\AndroidManifest.xml:358:13-50
activity#com.vidmt.lmei.activity.PersonalCenterActivity
ADDED from src\main\AndroidManifest.xml:364:9-370:20
	android:screenOrientation
		ADDED from src\main\AndroidManifest.xml:366:14-50
	android:label
		ADDED from src\main\AndroidManifest.xml:368:13-67
	android:configChanges
		ADDED from src\main\AndroidManifest.xml:367:13-74
	android:theme
		ADDED from src\main\AndroidManifest.xml:369:13-46
	android:name
		ADDED from src\main\AndroidManifest.xml:365:13-60
activity#com.vidmt.lmei.activity.RefreshActivity
ADDED from src\main\AndroidManifest.xml:371:9-377:20
	android:screenOrientation
		ADDED from src\main\AndroidManifest.xml:373:14-50
	android:label
		ADDED from src\main\AndroidManifest.xml:375:13-59
	android:configChanges
		ADDED from src\main\AndroidManifest.xml:374:13-74
	android:theme
		ADDED from src\main\AndroidManifest.xml:376:13-46
	android:name
		ADDED from src\main\AndroidManifest.xml:372:13-53
activity#com.vidmt.lmei.activity.BroadcastActivity
ADDED from src\main\AndroidManifest.xml:378:9-383:20
	android:label
		ADDED from src\main\AndroidManifest.xml:381:13-61
	android:configChanges
		ADDED from src\main\AndroidManifest.xml:380:13-63
	android:theme
		ADDED from src\main\AndroidManifest.xml:382:13-46
	android:name
		ADDED from src\main\AndroidManifest.xml:379:13-55
activity#com.vidmt.lmei.activity.LoginActivity
ADDED from src\main\AndroidManifest.xml:384:9-390:20
	android:screenOrientation
		ADDED from src\main\AndroidManifest.xml:386:14-50
	android:label
		ADDED from src\main\AndroidManifest.xml:388:13-57
	android:configChanges
		ADDED from src\main\AndroidManifest.xml:387:13-74
	android:theme
		ADDED from src\main\AndroidManifest.xml:389:13-46
	android:name
		ADDED from src\main\AndroidManifest.xml:385:13-51
activity#com.vidmt.lmei.activity.RegisteredActivity
ADDED from src\main\AndroidManifest.xml:391:9-397:20
	android:screenOrientation
		ADDED from src\main\AndroidManifest.xml:393:14-50
	android:label
		ADDED from src\main\AndroidManifest.xml:395:13-62
	android:configChanges
		ADDED from src\main\AndroidManifest.xml:394:13-74
	android:theme
		ADDED from src\main\AndroidManifest.xml:396:13-46
	android:name
		ADDED from src\main\AndroidManifest.xml:392:13-56
activity#com.vidmt.lmei.activity.ForgotPasswordActivity
ADDED from src\main\AndroidManifest.xml:398:9-404:20
	android:screenOrientation
		ADDED from src\main\AndroidManifest.xml:400:14-50
	android:label
		ADDED from src\main\AndroidManifest.xml:402:13-67
	android:configChanges
		ADDED from src\main\AndroidManifest.xml:401:13-74
	android:theme
		ADDED from src\main\AndroidManifest.xml:403:13-46
	android:name
		ADDED from src\main\AndroidManifest.xml:399:13-60
activity#com.vidmt.lmei.activity.RetrievePwdActivity
ADDED from src\main\AndroidManifest.xml:405:9-410:20
	android:screenOrientation
		ADDED from src\main\AndroidManifest.xml:407:14-50
	android:label
		ADDED from src\main\AndroidManifest.xml:409:13-64
	android:configChanges
		ADDED from src\main\AndroidManifest.xml:408:13-74
	android:name
		ADDED from src\main\AndroidManifest.xml:406:13-57
activity#com.vidmt.lmei.activity.UpdatePwdActivity
ADDED from src\main\AndroidManifest.xml:411:9-417:20
	android:screenOrientation
		ADDED from src\main\AndroidManifest.xml:413:14-50
	android:label
		ADDED from src\main\AndroidManifest.xml:415:13-62
	android:configChanges
		ADDED from src\main\AndroidManifest.xml:414:13-74
	android:theme
		ADDED from src\main\AndroidManifest.xml:416:13-46
	android:name
		ADDED from src\main\AndroidManifest.xml:412:13-55
activity#com.vidmt.lmei.activity.MyMessageActivity
ADDED from src\main\AndroidManifest.xml:418:9-424:20
	android:screenOrientation
		ADDED from src\main\AndroidManifest.xml:420:14-50
	android:label
		ADDED from src\main\AndroidManifest.xml:422:13-62
	android:configChanges
		ADDED from src\main\AndroidManifest.xml:421:13-74
	android:theme
		ADDED from src\main\AndroidManifest.xml:423:13-46
	android:name
		ADDED from src\main\AndroidManifest.xml:419:13-55
activity#com.vidmt.lmei.activity.MyFriendsActivity
ADDED from src\main\AndroidManifest.xml:425:9-431:20
	android:screenOrientation
		ADDED from src\main\AndroidManifest.xml:427:14-50
	android:label
		ADDED from src\main\AndroidManifest.xml:429:13-62
	android:configChanges
		ADDED from src\main\AndroidManifest.xml:428:13-74
	android:theme
		ADDED from src\main\AndroidManifest.xml:430:13-46
	android:name
		ADDED from src\main\AndroidManifest.xml:426:13-55
activity#com.vidmt.lmei.activity.LatestChatActivity
ADDED from src\main\AndroidManifest.xml:432:9-438:20
	android:screenOrientation
		ADDED from src\main\AndroidManifest.xml:434:14-50
	android:label
		ADDED from src\main\AndroidManifest.xml:436:13-63
	android:configChanges
		ADDED from src\main\AndroidManifest.xml:435:13-74
	android:theme
		ADDED from src\main\AndroidManifest.xml:437:13-46
	android:name
		ADDED from src\main\AndroidManifest.xml:433:13-56
activity#com.vidmt.lmei.activity.HotChatActivity
ADDED from src\main\AndroidManifest.xml:439:9-445:20
	android:screenOrientation
		ADDED from src\main\AndroidManifest.xml:441:14-50
	android:label
		ADDED from src\main\AndroidManifest.xml:443:13-60
	android:configChanges
		ADDED from src\main\AndroidManifest.xml:442:13-74
	android:theme
		ADDED from src\main\AndroidManifest.xml:444:13-46
	android:name
		ADDED from src\main\AndroidManifest.xml:440:13-53
activity#com.vidmt.lmei.activity.HomeDetailActivity
ADDED from src\main\AndroidManifest.xml:446:9-452:20
	android:screenOrientation
		ADDED from src\main\AndroidManifest.xml:450:13-49
	android:label
		ADDED from src\main\AndroidManifest.xml:449:13-63
	android:configChanges
		ADDED from src\main\AndroidManifest.xml:448:13-74
	android:theme
		ADDED from src\main\AndroidManifest.xml:451:13-46
	android:name
		ADDED from src\main\AndroidManifest.xml:447:13-56
activity#com.vidmt.lmei.activity.RegisterImproveActivity
ADDED from src\main\AndroidManifest.xml:453:9-459:20
	android:screenOrientation
		ADDED from src\main\AndroidManifest.xml:455:14-50
	android:label
		ADDED from src\main\AndroidManifest.xml:457:13-68
	android:configChanges
		ADDED from src\main\AndroidManifest.xml:456:13-74
	android:theme
		ADDED from src\main\AndroidManifest.xml:458:13-46
	android:name
		ADDED from src\main\AndroidManifest.xml:454:13-61
activity#com.vidmt.lmei.activity.ChangePasswordActivity
ADDED from src\main\AndroidManifest.xml:460:9-466:20
	android:screenOrientation
		ADDED from src\main\AndroidManifest.xml:462:14-50
	android:label
		ADDED from src\main\AndroidManifest.xml:464:13-67